<?xml version="1.0" encoding="UTF-8"?>
<testng-results ignored="0" total="1" passed="1" failed="0" skipped="0">
  <reporter-output>
  </reporter-output>
  <suite started-at="2026-09-17T17:45:27 IST" name="Default Suite" finished-at="2026-09-17T17:45:32 IST" duration-ms="5188">
    <groups>
    </groups>
    <test started-at="2026-09-17T17:45:27 IST" name="Selanium101" finished-at="2026-09-17T17:45:32 IST" duration-ms="5188">
      <class name="Day3.multiSiteAssignTestNG">
        <test-method is-config="true" signature="setUp()[pri:0, instance:Day3.multiSiteAssignTestNG@1bd4fdd]" started-at="2026-09-17T17:45:27 IST" name="setUp" finished-at="2026-09-17T17:45:28 IST" duration-ms="1426" status="PASS">
          <reporter-output>
          </reporter-output>
        </test-method> <!-- setUp -->
        <test-method signature="navigateMultipleSites()[pri:0, instance:Day3.multiSiteAssignTestNG@1bd4fdd]" started-at="2026-09-17T17:45:28 IST" name="navigateMultipleSites" finished-at="2026-09-17T17:45:32 IST" duration-ms="3546" status="PASS">
          <reporter-output>
          </reporter-output>
        </test-method> <!-- navigateMultipleSites -->
        <test-method is-config="true" signature="tearDown()[pri:0, instance:Day3.multiSiteAssignTestNG@1bd4fdd]" started-at="2026-09-17T17:45:32 IST" name="tearDown" finished-at="2026-09-17T17:45:32 IST" duration-ms="167" status="PASS">
          <reporter-output>
          </reporter-output>
        </test-method> <!-- tearDown -->
      </class> <!-- Day3.multiSiteAssignTestNG -->
    </test> <!-- Selanium101 -->
  </suite> <!-- Default Suite -->
</testng-results>
